<?xml version="1.0" encoding="UTF-8"?>
<!-- Generated by org.testng.reporters.JUnitXMLReporter -->
<testsuite ignored="0" hostname="lenovo" failures="0" tests="4" name="Sport Category Tests" time="2.818" errors="0" timestamp="2026-05-23T15:21:53 ICT">
  <testcase classname="tests.auth.LoginTest" name="loginTest" time="1.779"/>
  <testcase classname="tests.sportcategory.SportCategoryTest" name="createSportCategories" time="0.269"/>
  <testcase classname="tests.sportcategory.SportCategoryTest" name="deleteSportCategory" time="0.278"/>
  <testcase classname="tests.sportcategory.SportCategoryTest" name="getSportCategories" time="0.462"/>
</testsuite> <!-- Sport Category Tests -->
