<?xml version="1.0" encoding="UTF-8"?>
<testng-results ignored="0" total="5" passed="5" failed="0" skipped="0">
  <reporter-output>
  </reporter-output>
  <suite started-at="2026-05-23T15:21:36 ICT" name="API Test Suite" finished-at="2026-05-23T15:21:53 ICT" duration-ms="16943">
    <groups>
    </groups>
    <test started-at="2026-05-23T15:21:36 ICT" name="Authentication Tests" finished-at="2026-05-23T15:21:50 ICT" duration-ms="14022">
      <class name="tests.auth.LoginTest">
        <test-method signature="loginTest()[pri:0, instance:tests.auth.LoginTest@7e5afaa6]" started-at="2026-05-23T15:21:36 ICT" name="loginTest" finished-at="2026-05-23T15:21:50 ICT" duration-ms="13850" status="PASS">
          <reporter-output>
          </reporter-output>
        </test-method> <!-- loginTest -->
      </class> <!-- tests.auth.LoginTest -->
    </test> <!-- Authentication Tests -->
    <test started-at="2026-05-23T15:21:50 ICT" name="Sport Category Tests" finished-at="2026-05-23T15:21:53 ICT" duration-ms="2818">
      <class name="tests.sportcategory.SportCategoryTest">
        <test-method is-config="true" signature="setUp()[pri:0, instance:tests.sportcategory.SportCategoryTest@51e69659]" started-at="2026-05-23T15:21:52 ICT" name="setUp" finished-at="2026-05-23T15:21:52 ICT" duration-ms="13" status="PASS">
          <reporter-output>
          </reporter-output>
        </test-method> <!-- setUp -->
        <test-method signature="createSportCategories()[pri:0, instance:tests.sportcategory.SportCategoryTest@51e69659]" started-at="2026-05-23T15:21:52 ICT" name="createSportCategories" finished-at="2026-05-23T15:21:52 ICT" duration-ms="269" status="PASS">
          <reporter-output>
          </reporter-output>
        </test-method> <!-- createSportCategories -->
        <test-method signature="deleteSportCategory()[pri:0, instance:tests.sportcategory.SportCategoryTest@51e69659]" started-at="2026-05-23T15:21:52 ICT" name="deleteSportCategory" finished-at="2026-05-23T15:21:52 ICT" duration-ms="278" status="PASS">
          <reporter-output>
          </reporter-output>
        </test-method> <!-- deleteSportCategory -->
        <test-method signature="getSportCategories()[pri:0, instance:tests.sportcategory.SportCategoryTest@51e69659]" started-at="2026-05-23T15:21:52 ICT" name="getSportCategories" finished-at="2026-05-23T15:21:53 ICT" duration-ms="462" status="PASS">
          <reporter-output>
          </reporter-output>
        </test-method> <!-- getSportCategories -->
      </class> <!-- tests.sportcategory.SportCategoryTest -->
      <class name="tests.auth.LoginTest">
        <test-method signature="loginTest()[pri:0, instance:tests.auth.LoginTest@31fa1761]" started-at="2026-05-23T15:21:50 ICT" name="loginTest" finished-at="2026-05-23T15:21:52 ICT" duration-ms="1779" status="PASS">
          <reporter-output>
          </reporter-output>
        </test-method> <!-- loginTest -->
      </class> <!-- tests.auth.LoginTest -->
    </test> <!-- Sport Category Tests -->
  </suite> <!-- API Test Suite -->
</testng-results>
