<?xml version="1.0" encoding="UTF-8"?>
<testsuite xmlns:xsi="http://www.w3.org/2001/XMLSchema-instance" xsi:noNamespaceSchemaLocation="https://maven.apache.org/surefire/maven-surefire-plugin/xsd/surefire-test-report-3.0.xsd" version="3.0" name="TestSuite" time="24.358" tests="5" errors="0" skipped="0" failures="0">
  <properties>
[...]
</properties>
  <testcase name="loginTest" classname="tests.auth.LoginTest" time="13.859">
    <system-out><![CDATA[Response : {"success":true,"data":{"token":"3660|1qe5e6HhJ0tPSYDGHSN2EaUoTYadkaZWEapGZ3twaf7d9c2f","name":"testuser_83","email":"testuserbatch2_83@gmail.com"},"message":"User login successfully."}
Token : 3660|1qe5e6HhJ0tPSYDGHSN2EaUoTYadkaZWEapGZ3twaf7d9c2f
Token saved to token.json
]]></system-out>
    <system-err><![CDATA[SLF4J: Failed to load class "org.slf4j.impl.StaticLoggerBinder".
SLF4J: Defaulting to no-operation (NOP) logger implementation
SLF4J: See http://www.slf4j.org/codes.html#StaticLoggerBinder for further details.
]]></system-err>
  </testcase>
  <testcase name="loginTest" classname="tests.auth.LoginTest" time="1.79">
    <system-out><![CDATA[Response : {"success":true,"data":{"token":"3661|WLB25eQy8eOSRHCJLYpWLGXQPrMlENiYujw1kn8o048dee94","name":"testuser_83","email":"testuserbatch2_83@gmail.com"},"message":"User login successfully."}
Token : 3661|WLB25eQy8eOSRHCJLYpWLGXQPrMlENiYujw1kn8o048dee94
Token saved to token.json
]]></system-out>
  </testcase>
  <testcase name="createSportCategories" classname="tests.sportcategory.SportCategoryTest" time="0.275">
    <system-out><![CDATA[Create Response: {"error":false,"result":{"id":846,"name":"1231434","created_at":"2026-05-23T08:21:54.000000Z","updated_at":"2026-05-23T08:21:54.000000Z"},"message":"data saved"}
Created Category ID: 846
]]></system-out>
  </testcase>
  <testcase name="deleteSportCategory" classname="tests.sportcategory.SportCategoryTest" time="0.28">
    <system-out><![CDATA[Get Response: <!DOCTYPE html>
<html lang="en">
    <head>
        <meta charset="utf-8">
        <meta name="viewport" content="width=device-width, initial-scale=1">

        <title>Not Found</title>

        <style>
            /*! normalize.css v8.0.1 | MIT License | github.com/necolas/normalize.css */html{line-height:1.15;-webkit-text-size-adjust:100%}body{margin:0}a{background-color:transparent}code{font-family:monospace,monospace;font-size:1em}[hidden]{display:none}html{font-family:system-ui,-apple-system,BlinkMacSystemFont,Segoe UI,Roboto,Helvetica Neue,Arial,Noto Sans,sans-serif,Apple Color Emoji,Segoe UI Emoji,Segoe UI Symbol,Noto Color Emoji;line-height:1.5}*,:after,:before{box-sizing:border-box;border:0 solid #e2e8f0}a{color:inherit;text-decoration:inherit}code{font-family:Menlo,Monaco,Consolas,Liberation Mono,Courier New,monospace}svg,video{display:block;vertical-align:middle}video{max-width:100%;height:auto}.bg-white{--bg-opacity:1;background-color:#fff;background-color:rgba(255,255,255,var(--bg-opacity))}.bg-gray-100{--bg-opacity:1;background-color:#f7fafc;background-color:rgba(247,250,252,var(--bg-opacity))}.border-gray-200{--border-opacity:1;border-color:#edf2f7;border-color:rgba(237,242,247,var(--border-opacity))}.border-gray-400{--border-opacity:1;border-color:#cbd5e0;border-color:rgba(203,213,224,var(--border-opacity))}.border-t{border-top-width:1px}.border-r{border-right-width:1px}.flex{display:flex}.grid{display:grid}.hidden{display:none}.items-center{align-items:center}.justify-center{justify-content:center}.font-semibold{font-weight:600}.h-5{height:1.25rem}.h-8{height:2rem}.h-16{height:4rem}.text-sm{font-size:.875rem}.text-lg{font-size:1.125rem}.leading-7{line-height:1.75rem}.mx-auto{margin-left:auto;margin-right:auto}.ml-1{margin-left:.25rem}.mt-2{margin-top:.5rem}.mr-2{margin-right:.5rem}.ml-2{margin-left:.5rem}.mt-4{margin-top:1rem}.ml-4{margin-left:1rem}.mt-8{margin-top:2rem}.ml-12{margin-left:3rem}.-mt-px{margin-top:-1px}.max-w-xl{max-width:36rem}.max-w-6xl{max-width:72rem}.min-h-screen{min-height:100vh}.overflow-hidden{overflow:hidden}.p-6{padding:1.5rem}.py-4{padding-top:1rem;padding-bottom:1rem}.px-4{padding-left:1rem;padding-right:1rem}.px-6{padding-left:1.5rem;padding-right:1.5rem}.pt-8{padding-top:2rem}.fixed{position:fixed}.relative{position:relative}.top-0{top:0}.right-0{right:0}.shadow{box-shadow:0 1px 3px 0 rgba(0,0,0,.1),0 1px 2px 0 rgba(0,0,0,.06)}.text-center{text-align:center}.text-gray-200{--text-opacity:1;color:#edf2f7;color:rgba(237,242,247,var(--text-opacity))}.text-gray-300{--text-opacity:1;color:#e2e8f0;color:rgba(226,232,240,var(--text-opacity))}.text-gray-400{--text-opacity:1;color:#cbd5e0;color:rgba(203,213,224,var(--text-opacity))}.text-gray-500{--text-opacity:1;color:#a0aec0;color:rgba(160,174,192,var(--text-opacity))}.text-gray-600{--text-opacity:1;color:#718096;color:rgba(113,128,150,var(--text-opacity))}.text-gray-700{--text-opacity:1;color:#4a5568;color:rgba(74,85,104,var(--text-opacity))}.text-gray-900{--text-opacity:1;color:#1a202c;color:rgba(26,32,44,var(--text-opacity))}.uppercase{text-transform:uppercase}.underline{text-decoration:underline}.antialiased{-webkit-font-smoothing:antialiased;-moz-osx-font-smoothing:grayscale}.tracking-wider{letter-spacing:.05em}.w-5{width:1.25rem}.w-8{width:2rem}.w-auto{width:auto}.grid-cols-1{grid-template-columns:repeat(1,minmax(0,1fr))}@-webkit-keyframes spin{0%{transform:rotate(0deg)}to{transform:rotate(1turn)}}@keyframes spin{0%{transform:rotate(0deg)}to{transform:rotate(1turn)}}@-webkit-keyframes ping{0%{transform:scale(1);opacity:1}75%,to{transform:scale(2);opacity:0}}@keyframes ping{0%{transform:scale(1);opacity:1}75%,to{transform:scale(2);opacity:0}}@-webkit-keyframes pulse{0%,to{opacity:1}50%{opacity:.5}}@keyframes pulse{0%,to{opacity:1}50%{opacity:.5}}@-webkit-keyframes bounce{0%,to{transform:translateY(-25%);-webkit-animation-timing-function:cubic-bezier(.8,0,1,1);animation-timing-function:cubic-bezier(.8,0,1,1)}50%{transform:translateY(0);-webkit-animation-timing-function:cubic-bezier(0,0,.2,1);animation-timing-function:cubic-bezier(0,0,.2,1)}}@keyframes bounce{0%,to{transform:translateY(-25%);-webkit-animation-timing-function:cubic-bezier(.8,0,1,1);animation-timing-function:cubic-bezier(.8,0,1,1)}50%{transform:translateY(0);-webkit-animation-timing-function:cubic-bezier(0,0,.2,1);animation-timing-function:cubic-bezier(0,0,.2,1)}}@media (min-width:640px){.sm\:rounded-lg{border-radius:.5rem}.sm\:block{display:block}.sm\:items-center{align-items:center}.sm\:justify-start{justify-content:flex-start}.sm\:justify-between{justify-content:space-between}.sm\:h-20{height:5rem}.sm\:ml-0{margin-left:0}.sm\:px-6{padding-left:1.5rem;padding-right:1.5rem}.sm\:pt-0{padding-top:0}.sm\:text-left{text-align:left}.sm\:text-right{text-align:right}}@media (min-width:768px){.md\:border-t-0{border-top-width:0}.md\:border-l{border-left-width:1px}.md\:grid-cols-2{grid-template-columns:repeat(2,minmax(0,1fr))}}@media (min-width:1024px){.lg\:px-8{padding-left:2rem;padding-right:2rem}}@media (prefers-color-scheme:dark){.dark\:bg-gray-800{--bg-opacity:1;background-color:#2d3748;background-color:rgba(45,55,72,var(--bg-opacity))}.dark\:bg-gray-900{--bg-opacity:1;background-color:#1a202c;background-color:rgba(26,32,44,var(--bg-opacity))}.dark\:border-gray-700{--border-opacity:1;border-color:#4a5568;border-color:rgba(74,85,104,var(--border-opacity))}.dark\:text-white{--text-opacity:1;color:#fff;color:rgba(255,255,255,var(--text-opacity))}.dark\:text-gray-400{--text-opacity:1;color:#cbd5e0;color:rgba(203,213,224,var(--text-opacity))}}
        </style>

        <style>
            body {
                font-family: ui-sans-serif, system-ui, -apple-system, BlinkMacSystemFont, "Segoe UI", Roboto, "Helvetica Neue", Arial, "Noto Sans", sans-serif, "Apple Color Emoji", "Segoe UI Emoji", "Segoe UI Symbol", "Noto Color Emoji";
            }
        </style>
    </head>
    <body class="antialiased">
        <div class="relative flex items-top justify-center min-h-screen bg-gray-100 dark:bg-gray-900 sm:items-center sm:pt-0">
            <div class="max-w-xl mx-auto sm:px-6 lg:px-8">
                <div class="flex items-center pt-8 sm:justify-start sm:pt-0">
                    <div class="px-4 text-lg text-gray-500 border-r border-gray-400 tracking-wider">
                        404                    </div>

                    <div class="ml-4 text-lg text-gray-500 uppercase tracking-wider">
                        Not Found                    </div>
                </div>
            </div>
        </div>
    </body>
</html>

]]></system-out>
  </testcase>
  <testcase name="getSportCategories" classname="tests.sportcategory.SportCategoryTest" time="0.463">
    <system-out><![CDATA[Get Response: {"error":false,"result":[{"id":156,"name":"Futsal","created_at":"2025-06-23T18:50:08.000000Z","updated_at":"2025-06-23T18:50:08.000000Z"},{"id":157,"name":"Basketball","created_at":"2025-06-23T18:50:12.000000Z","updated_at":"2025-06-23T18:50:12.000000Z"},{"id":159,"name":"Sepak Bola","created_at":"2025-06-23T18:50:28.000000Z","updated_at":"2025-06-23T18:50:28.000000Z"},{"id":160,"name":"Golf","created_at":"2025-06-23T18:50:33.000000Z","updated_at":"2025-06-23T18:50:33.000000Z"},{"id":170,"name":"Tenis","created_at":"2025-06-24T04:54:40.000000Z","updated_at":"2025-06-24T04:54:40.000000Z"},{"id":171,"name":"Aerobik","created_at":"2025-06-24T04:54:53.000000Z","updated_at":"2025-06-24T04:54:53.000000Z"},{"id":173,"name":"Mini Soccer","created_at":"2025-06-25T05:27:31.000000Z","updated_at":"2025-06-25T05:27:31.000000Z"},{"id":824,"name":"Makan dan Minum","created_at":"2026-05-14T10:22:33.000000Z","updated_at":"2026-05-14T10:22:41.000000Z"},{"id":175,"name":"Badminton","created_at":"2025-06-25T05:28:34.000000Z","updated_at":"2025-06-25T05:28:34.000000Z"},{"id":176,"name":"Baseball","created_at":"2025-06-25T05:28:43.000000Z","updated_at":"2025-06-25T05:28:43.000000Z"},{"id":177,"name":"Running","created_at":"2025-06-25T05:28:58.000000Z","updated_at":"2025-06-25T05:28:58.000000Z"},{"id":178,"name":"Padel","created_at":"2025-06-25T05:29:06.000000Z","updated_at":"2025-06-25T05:29:06.000000Z"},{"id":827,"name":"12345","created_at":"2026-05-23T04:06:25.000000Z","updated_at":"2026-05-23T04:06:25.000000Z"},{"id":181,"name":"Volley","created_at":"2025-06-25T05:30:04.000000Z","updated_at":"2025-06-25T05:30:04.000000Z"},{"id":830,"name":"1231434","created_at":"2026-05-23T04:11:01.000000Z","updated_at":"2026-05-23T04:11:01.000000Z"},{"id":833,"name":"1231434","created_at":"2026-05-23T04:15:43.000000Z","updated_at":"2026-05-23T04:15:43.000000Z"},{"id":836,"name":"1231434","created_at":"2026-05-23T04:27:04.000000Z","updated_at":"2026-05-23T04:27:04.000000Z"},{"id":839,"name":"Sport_1779512115736","created_at":"2026-05-23T04:55:10.000000Z","updated_at":"2026-05-23T04:55:10.000000Z"},{"id":842,"name":"1231434","created_at":"2026-05-23T05:34:08.000000Z","updated_at":"2026-05-23T05:34:08.000000Z"},{"id":845,"name":"1231434","created_at":"2026-05-23T05:36:51.000000Z","updated_at":"2026-05-23T05:36:51.000000Z"},{"id":825,"name":"1234456","created_at":"2026-05-22T17:13:17.000000Z","updated_at":"2026-05-22T17:13:17.000000Z"},{"id":828,"name":"1231434","created_at":"2026-05-23T04:07:13.000000Z","updated_at":"2026-05-23T04:07:13.000000Z"},{"id":831,"name":"1231434","created_at":"2026-05-23T04:14:20.000000Z","updated_at":"2026-05-23T04:14:20.000000Z"},{"id":834,"name":"1231434","created_at":"2026-05-23T04:16:48.000000Z","updated_at":"2026-05-23T04:16:48.000000Z"},{"id":837,"name":"1231434","created_at":"2026-05-23T04:27:37.000000Z","updated_at":"2026-05-23T04:27:37.000000Z"},{"id":840,"name":"1231434","created_at":"2026-05-23T05:19:27.000000Z","updated_at":"2026-05-23T05:19:27.000000Z"},{"id":843,"name":"1231434","created_at":"2026-05-23T05:34:17.000000Z","updated_at":"2026-05-23T05:34:17.000000Z"},{"id":846,"name":"1231434","created_at":"2026-05-23T08:21:54.000000Z","updated_at":"2026-05-23T08:21:54.000000Z"},{"id":826,"name":"1234456","created_at":"2026-05-23T04:03:18.000000Z","updated_at":"2026-05-23T04:03:18.000000Z"},{"id":829,"name":"1231434","created_at":"2026-05-23T04:08:31.000000Z","updated_at":"2026-05-23T04:08:31.000000Z"},{"id":832,"name":"12345","created_at":"2026-05-23T04:15:09.000000Z","updated_at":"2026-05-23T04:15:09.000000Z"},{"id":835,"name":"Sport_1779509998616","created_at":"2026-05-23T04:19:55.000000Z","updated_at":"2026-05-23T04:19:55.000000Z"},{"id":838,"name":"1231434","created_at":"2026-05-23T04:31:21.000000Z","updated_at":"2026-05-23T04:31:21.000000Z"},{"id":841,"name":"Sport_1779513801239","created_at":"2026-05-23T05:23:21.000000Z","updated_at":"2026-05-23T05:23:21.000000Z"},{"id":844,"name":"1231434","created_at":"2026-05-23T05:36:41.000000Z","updated_at":"2026-05-23T05:36:41.000000Z"}]}
]]></system-out>
  </testcase>
</testsuite>