<?xml version="1.0" encoding="UTF-8"?>
<!-- Generated by org.testng.reporters.JUnitReportReporter -->
<testsuite hostname="lenovo" failures="0" tests="3" name="tests.sportcategory.SportCategoryTest" time="1.009" errors="0" timestamp="2026-05-23T15:21:53 ICT" skipped="0">
  <testcase classname="tests.sportcategory.SportCategoryTest" name="getSportCategories" time="0.462"/>
  <testcase classname="tests.sportcategory.SportCategoryTest" name="createSportCategories" time="0.269"/>
  <testcase classname="tests.sportcategory.SportCategoryTest" name="deleteSportCategory" time="0.278"/>
</testsuite> <!-- tests.sportcategory.SportCategoryTest -->
